20:28:04.132  600  DEBUG fr.sparna.rdf.xls2rdf.app.Convert - Will use output format : text/turtle
20:28:04.141  609  DEBUG fr.sparna.rdf.xls2rdf.app.Convert - Will use ModelWriter : fr.sparna.rdf.xls2rdf.OutputStreamModelWriter
20:28:05.868  2336 DEBUG f.s.rdf.xls2rdf.Xls2RdfConverter - Processing sheet: gdmt ontology
20:28:05.875  2343 INFO  f.sparna.rdf.xls2rdf.RdfizableSheet - Found proper property in header : http://vodana.health/vodana-terms/ethiopiadiseases/
20:28:05.877  2345 INFO  f.sparna.rdf.xls2rdf.RdfizableSheet - Found proper property in header : http://purl.org/pav/
20:28:05.878  2346 INFO  f.sparna.rdf.xls2rdf.RdfizableSheet - Found proper property in header : http://purl.org/dc/terms/
20:28:05.882  2350 INFO  f.sparna.rdf.xls2rdf.RdfizableSheet - Found proper property in header : http://www.w3.org/1999/02/22-rdf-syntax-ns#
20:28:05.883  2351 INFO  f.sparna.rdf.xls2rdf.RdfizableSheet - Found proper property in header : http://www.w3.org/2000/01/rdf-schema#
20:28:05.887  2355 INFO  f.sparna.rdf.xls2rdf.RdfizableSheet - Found proper property in header : http://orcid.org/0000-0001-6082-1060
20:28:05.890  2358 INFO  f.sparna.rdf.xls2rdf.RdfizableSheet - Found proper property in header : http://www.w3.org/2004/02/skos/core#prefLabel
20:28:05.890  2358 INFO  f.sparna.rdf.xls2rdf.RdfizableSheet - Found proper property in header : http://www.w3.org/1999/02/22-rdf-syntax-ns#type
20:28:05.891  2359 INFO  f.sparna.rdf.xls2rdf.RdfizableSheet - Found proper property in header : http://www.w3.org/2004/02/skos/core#definition
20:28:05.892  2360 INFO  f.sparna.rdf.xls2rdf.RdfizableSheet - Found proper property in header : http://www.w3.org/2004/02/skos/core#altLabel
20:28:05.893  2361 INFO  f.sparna.rdf.xls2rdf.RdfizableSheet - Found proper property in header : http://www.w3.org/2004/02/skos/core#broader
20:28:05.893  2361 INFO  f.sparna.rdf.xls2rdf.RdfizableSheet - Found proper property in header : http://www.w3.org/2004/02/skos/core#exactMatch
20:28:05.894  2362 INFO  f.sparna.rdf.xls2rdf.RdfizableSheet - Found proper property in header : http://purl.org/dc/terms/creator
20:28:05.895  2363 INFO  f.sparna.rdf.xls2rdf.RdfizableSheet - Found proper property in header : http://purl.org/dc/terms/contributor
20:28:05.895  2363 INFO  f.sparna.rdf.xls2rdf.RdfizableSheet - Found proper property in header : http://www.w3.org/2004/02/skos/core#editorialNote
20:28:05.896  2364 INFO  f.sparna.rdf.xls2rdf.RdfizableSheet - Found at least 2 headers with proper property declaration in the first 10 columns, title row is at index 14
20:28:05.897  2365 DEBUG f.s.rdf.xls2rdf.Xls2RdfConverter - Found title row at index 14
20:28:05.902  2370 DEBUG f.s.rdf.xls2rdf.Xls2RdfConverter - Adding value on header object "Ethiopian List of Diseases that are used in OutPatient Registartion forms approved by Ministry of Health Ethiopia" with lang en
20:28:05.906  2374 DEBUG f.s.rdf.xls2rdf.Xls2RdfConverter - Adding value on header object "Ethiopian List of Diseases" with lang en
20:28:05.908  2376 DEBUG f.s.rdf.xls2rdf.Xls2RdfConverter - Adding value on header object "Ethiopian List of Diseases approved by the Ministry of Health of Ethiopia to be used in OPD forms in Ethiopian Health Facilities" with lang en
20:28:05.909  2377 DEBUG f.s.rdf.xls2rdf.Xls2RdfConverter - Adding value on header object "http://orcid.org/0000-0001-6082-1060" with lang en
20:28:05.910  2378 DEBUG f.s.rdf.xls2rdf.Xls2RdfConverter - Adding value on header object "2.3" with lang en
20:28:05.911  2379 DEBUG f.s.rdf.xls2rdf.Xls2RdfConverter - Adding value on header object "2021-6-02T00:00:00+01:00" with lang en
20:28:05.912  2380 DEBUG f.s.rdf.xls2rdf.Xls2RdfConverter - Adding value on header object "2021-10-30T00:00:00+01:01" with lang en
20:28:05.914  2382 DEBUG f.s.rdf.xls2rdf.Xls2RdfConverter - Converting data with these column headers: 
20:28:05.915  2383 DEBUG f.s.rdf.xls2rdf.Xls2RdfConverter - ColumnHeader [originalValue=Identifier, language=Optional.empty, datatype=Optional.empty, property=null, declaredProperty=Identifier, inverse=false, parameters={}, id=null, reconcileOn=null, headerCell=Identifier]
20:28:05.920  2388 DEBUG f.s.rdf.xls2rdf.Xls2RdfConverter - ColumnHeader [originalValue=skos:prefLabel, language=Optional.empty, datatype=Optional.empty, property=http://www.w3.org/2004/02/skos/core#prefLabel, declaredProperty=skos:prefLabel, inverse=false, parameters={}, id=null, reconcileOn=null, headerCell=skos:prefLabel]
20:28:05.920  2388 DEBUG f.s.rdf.xls2rdf.Xls2RdfConverter - ColumnHeader [originalValue=rdf:type, language=Optional.empty, datatype=Optional.empty, property=http://www.w3.org/1999/02/22-rdf-syntax-ns#type, declaredProperty=rdf:type, inverse=false, parameters={}, id=null, reconcileOn=null, headerCell=rdf:type]
20:28:05.923  2391 DEBUG f.s.rdf.xls2rdf.Xls2RdfConverter - ColumnHeader [originalValue=skos:definition@en, language=Optional[en], datatype=Optional.empty, property=http://www.w3.org/2004/02/skos/core#definition, declaredProperty=skos:definition, inverse=false, parameters={}, id=null, reconcileOn=null, headerCell=skos:definition@en]
20:28:05.924  2392 DEBUG f.s.rdf.xls2rdf.Xls2RdfConverter - ColumnHeader [originalValue=skos:altLabel(separator=","), language=Optional.empty, datatype=Optional.empty, property=http://www.w3.org/2004/02/skos/core#altLabel, declaredProperty=skos:altLabel, inverse=false, parameters={separator=,}, id=null, reconcileOn=null, headerCell=skos:altLabel(separator=",")]
20:28:05.925  2393 DEBUG f.s.rdf.xls2rdf.Xls2RdfConverter - ColumnHeader [originalValue=skos:broader(separator=","), language=Optional.empty, datatype=Optional.empty, property=http://www.w3.org/2004/02/skos/core#broader, declaredProperty=skos:broader, inverse=false, parameters={separator=,}, id=null, reconcileOn=null, headerCell=skos:broader(separator=",")]
20:28:05.925  2393 DEBUG f.s.rdf.xls2rdf.Xls2RdfConverter - ColumnHeader [originalValue=skos:exactMatch(separator=","), language=Optional.empty, datatype=Optional.empty, property=http://www.w3.org/2004/02/skos/core#exactMatch, declaredProperty=skos:exactMatch, inverse=false, parameters={separator=,}, id=null, reconcileOn=null, headerCell=skos:exactMatch(separator=",")]
20:28:05.926  2394 DEBUG f.s.rdf.xls2rdf.Xls2RdfConverter - ColumnHeader [originalValue=dct:creator(separator=","), language=Optional.empty, datatype=Optional.empty, property=http://purl.org/dc/terms/creator, declaredProperty=dct:creator, inverse=false, parameters={separator=,}, id=null, reconcileOn=null, headerCell=dct:creator(separator=",")]
20:28:05.927  2395 DEBUG f.s.rdf.xls2rdf.Xls2RdfConverter - ColumnHeader [originalValue=dct:contributor(separator=","), language=Optional.empty, datatype=Optional.empty, property=http://purl.org/dc/terms/contributor, declaredProperty=dct:contributor, inverse=false, parameters={separator=,}, id=null, reconcileOn=null, headerCell=dct:contributor(separator=",")]
20:28:05.928  2396 DEBUG f.s.rdf.xls2rdf.Xls2RdfConverter - ColumnHeader [originalValue=skos:editorialNote@en, language=Optional[en], datatype=Optional.empty, property=http://www.w3.org/2004/02/skos/core#editorialNote, declaredProperty=skos:editorialNote, inverse=false, parameters={}, id=null, reconcileOn=null, headerCell=skos:editorialNote@en]
20:28:05.929  2397 DEBUG f.s.rdf.xls2rdf.Xls2RdfConverter - ColumnHeader [originalValue=skos:note@en, language=Optional[en], datatype=Optional.empty, property=http://www.w3.org/2004/02/skos/core#note, declaredProperty=skos:note, inverse=false, parameters={}, id=null, reconcileOn=null, headerCell=skos:note@en]
20:28:05.929  2397 INFO  f.s.rdf.xls2rdf.Xls2RdfConverter - Converting rows...
20:28:06.256  2724 INFO  f.s.rdf.xls2rdf.Xls2RdfConverter - Row 1000...
20:28:06.346  2814 INFO  f.s.rdf.xls2rdf.Xls2RdfConverter - Row 2000...
20:28:06.355  2823 INFO  f.s.rdf.xls2rdf.Xls2RdfConverter - Applying SKOS post-processings on the result
20:28:06.357  2825 DEBUG f.s.rdf.xls2rdf.SkosPostProcessor - Postprocessing : SkosPostProcessor
20:28:06.358  2826 DEBUG f.s.rdf.xls2rdf.SkosPostProcessor - Considering main resource like a ConceptScheme.
20:28:06.379  2847 DEBUG f.s.rdf.xls2rdf.SkosPostProcessor - Adding inverse skos:broader and skos:narrower
20:28:06.394  2862 DEBUG f.s.rdf.xls2rdf.SkosPostProcessor - Adding skos:inScheme
20:28:06.401  2869 DEBUG f.s.rdf.xls2rdf.SkosPostProcessor - Setting rdf:type skos:ConceptScheme to main resource
20:28:06.402  2870 DEBUG f.s.rdf.xls2rdf.SkosPostProcessor - Adding skos:hasTopConcept / skos:topConceptOf
20:28:06.431  2899 DEBUG f.s.rdf.xls2rdf.Xls2RdfConverter - Saving graph of 12464 statements generated from Sheet gdmt ontology
